app/build/outputs/mapping/release/seeds.txt
com.usagewatch.app.service.AccessibilityProbeService
com.usagewatch.app.service.MonitoringService
com.usagewatch.app.MainActivity
com.usagewatch.app.service.BootReceiver
com.usagewatch.app.App
com.usagewatch.app.App: App()
com.usagewatch.app.util.SettingsStore$DisplayMode: com.usagewatch.app.util.SettingsStore$DisplayMode valueOf(java.lang.String)
com.usagewatch.app.service.AccessibilityProbeService: AccessibilityProbeService()
com.usagewatch.app.service.MonitoringService: MonitoringService()
com.usagewatch.app.service.BootReceiver: BootReceiver()
com.usagewatch.app.MainActivity: MainActivity()
com.usagewatch.app.core.Capability: com.usagewatch.app.core.Capability valueOf(java.lang.String)
com.usagewatch.app.core.Capability: com.usagewatch.app.core.Capability[] values()
com.usagewatch.app.util.SettingsStore$DisplayMode: com.usagewatch.app.util.SettingsStore$DisplayMode[] values()
...
androidx.core.widget.CompoundButtonCompat$Api21Impl: android.content.res.ColorStateList getButtonTintList(android.widget.CompoundButton)
androidx.appcompat.widget.DropDownListView$Api21Impl: void drawableHotspotChanged(android.view.View,float,float)
androidx.core.app.RemoteInput$Api26Impl: java.util.Set getAllowedDataTypes(java.lang.Object)
androidx.appcompat.widget.AppCompatTextView: androidx.core.text.PrecomputedTextCompat$Params getTextMetricsParamsCompat()
androidx.lifecycle.Lifecycle$State: androidx.lifecycle.Lifecycle$State valueOf(java.lang.String)
androidx.appcompat.widget.Toolbar: java.lang.CharSequence getCollapseContentDescription()
androidx.appcompat.widget.MenuPopupWindow$Api23Impl: void setExitTransition(android.widget.PopupWindow,android.transition.Transition)
androidx.core.view.ViewCompat$Api21Impl: void setTranslationZ(android.view.View,float)
androidx.appcompat.widget.ActionBarOverlayLayout: void setHideOnContentScrollEnabled(boolean)
androidx.appcompat.widget.LinearLayoutCompat: void setDividerPadding(int)
androidx.appcompat.widget.AppCompatImageView: android.graphics.PorterDuff$Mode getSupportBackgroundTintMode()
androidx.vectordrawable.graphics.drawable.VectorDrawableCompat$VGroup: float getPivotY()
androidx.appcompat.widget.AppCompatRadioButton: android.content.res.ColorStateList getSupportCompoundDrawablesTintList()
androidx.appcompat.view.menu.ActionMenuItemView: void setItemInvoker(androidx.appcompat.view.menu.MenuBuilder$ItemInvoker)
androidx.appcompat.widget.AppCompatCheckedTextView: androidx.appcompat.widget.AppCompatEmojiTextHelper getEmojiTextViewHelper()
androidx.vectordrawable.graphics.drawable.VectorDrawableCompat$VGroup: void setTranslateX(float)
androidx.vectordrawable.graphics.drawable.VectorDrawableCompat$VPath: androidx.core.graphics.PathParser$PathDataNode[] getPathData()
androidx.core.text.ICUCompat$Api21Impl: java.lang.String getScript(java.util.Locale)
androidx.core.view.ViewCompat$Api29Impl: java.util.List getSystemGestureExclusionRects(android.view.View)
androidx.core.view.WindowInsetsCompat$Impl28: boolean equals(java.lang.Object)
androidx.appcompat.widget.ListPopupWindow$Api29Impl: void setIsClippedToScreen(android.widget.PopupWindow,boolean)
androidx.appcompat.widget.Toolbar: void setTitle(int)
androidx.appcompat.widget.AppCompatButton: int getAutoSizeTextType()
androidx.appcompat.app.AppCompatDelegateImpl$Api21Impl: boolean isPowerSaveMode(android.os.PowerManager)
androidx.appcompat.widget.AppCompatSpinner: void setPrompt(java.lang.CharSequence)
androidx.core.view.MenuItemCompat$Api26Impl: android.view.MenuItem setAlphabeticShortcut(android.view.MenuItem,char,int)
androidx.core.view.accessibility.AccessibilityNodeInfoCompat$Api33Impl: java.lang.String getUniqueId(android.view.accessibility.AccessibilityNodeInfo)
androidx.appcompat.widget.FitWindowsLinearLayout: FitWindowsLinearLayout(android.content.Context,android.util.AttributeSet)
androidx.appcompat.widget.ActionBarContextView: ActionBarContextView(android.content.Context,android.util.AttributeSet)
androidx.appcompat.app.AppCompatDelegateImpl$Api24Impl: androidx.core.os.LocaleListCompat getLocales(android.content.res.Configuration)
androidx.appcompat.widget.AppCompatMultiAutoCompleteTextView: android.graphics.PorterDuff$Mode getSupportBackgroundTintMode()
androidx.core.view.WindowInsetsCompat$BuilderImpl29: void setSystemWindowInsets(androidx.core.graphics.Insets)
androidx.core.view.WindowInsetsCompat$BuilderImpl: androidx.core.view.WindowInsetsCompat build()
androidx.lifecycle.Lifecycle$Event: androidx.lifecycle.Lifecycle$Event[] values()
androidx.core.view.WindowInsetsCompat$Impl20: WindowInsetsCompat$Impl20(androidx.core.view.WindowInsetsCompat,androidx.core.view.WindowInsetsCompat$Impl20)
androidx.vectordrawable.graphics.drawable.VectorDrawableCompat$VGroup: void setPivotY(float)
androidx.appcompat.widget.ActionBarOverlayLayout: void setLogo(int)