app/build/outputs/mapping/release/mapping.txt
# compiler: R8
# compiler_version: 8.2.47
# min_api: 25
# common_typos_disable
# {"id":"com.android.tools.r8.mapping","version":"2.2"}
# pg_map_id: 5e38a72
# pg_map_hash: SHA-256 5e38a721d83bf88a39490fe65aa596a3011880b58bd7492aa5fb0914b4c7086a
com.usagewatch.app.App -> com.usagewatch.app.App:
# {"id":"sourceFile","fileName":"App.kt"}
    int $r8$clinit -> a
      # {"id":"com.android.tools.r8.synthesized"}
    6:27:void com.usagewatch.app.util.SettingsStore.init(android.content.Context):0:0 -> onCreate
    6:27:void onCreate():0 -> onCreate
    28:40:void installUncaughtExceptionLog():0:0 -> onCreate
    28:40:void onCreate():0 -> onCreate
com.usagewatch.app.App$$ExternalSyntheticLambda0 -> p0.a:
# {"id":"sourceFile","fileName":"R8$$SyntheticClass"}
# {"id":"com.android.tools.r8.synthesized"}
    com.usagewatch.app.App com.usagewatch.app.App$$InternalSyntheticLambda$1$8e517b9f4af6ac44e41bcee4ac7b817a83127b3c01af51587a545860fdcdb47f$0.f$0 -> a
      # {"id":"com.android.tools.r8.synthesized"}
    java.lang.Thread$UncaughtExceptionHandler com.usagewatch.app.App$$InternalSyntheticLambda$1$8e517b9f4af6ac44e41bcee4ac7b817a83127b3c01af51587a545860fdcdb47f$0.f$1 -> b
      # {"id":"com.android.tools.r8.synthesized"}
    1:1:void com.usagewatch.app.App$$InternalSyntheticLambda$1$8e517b9f4af6ac44e41bcee4ac7b817a83127b3c01af51587a545860fdcdb47f$0.<init>(com.usagewatch.app.App,java.lang.Thread$UncaughtExceptionHandler):0:0 -> <init>
      # {"id":"com.android.tools.r8.synthesized"}
    13:82:void com.usagewatch.app.App.installUncaughtExceptionLog$lambda$0(com.usagewatch.app.App,java.lang.Thread$UncaughtExceptionHandler,java.lang.Thread,java.lang.Throwable):0:0 -> uncaughtException
    13:82:void com.usagewatch.app.App$$InternalSyntheticLambda$1$8e517b9f4af6ac44e41bcee4ac7b817a83127b3c01af51587a545860fdcdb47f$0.uncaughtException(java.lang.Thread,java.lang.Throwable):0 -> uncaughtException
      # {"id":"com.android.tools.r8.synthesized"}
com.usagewatch.app.MainActivity -> com.usagewatch.app.MainActivity:
# {"id":"sourceFile","fileName":"MainActivity.kt"}
    android.view.View pageLogs -> A
    android.view.View pageFiles -> B
    android.view.View pageSettings -> C
    android.widget.Spinner spApp -> D
    android.widget.Spinner spRange -> E
    android.widget.ListView listLogs -> F
    android.widget.ListView listFiles -> G
    android.widget.LinearLayout settingsContainer -> H
    android.widget.TextView tabLogs -> I
    android.widget.TextView tabFiles -> J
    android.widget.TextView tabSettings -> K
    com.usagewatch.app.ui.LogAdapter logAdapter -> L
      # {"id":"com.android.tools.r8.residualsignature","signature":"Lv0/b;"}
    com.usagewatch.app.ui.LogAdapter fileAdapter -> M
      # {"id":"com.android.tools.r8.residualsignature","signature":"Lv0/b;"}
    com.usagewatch.app.data.LogRepository repo -> N
      # {"id":"com.android.tools.r8.residualsignature","signature":"Ls0/d;"}
    com.usagewatch.app.ui.SettingsBuilder settingsBuilder -> O
      # {"id":"com.android.tools.r8.residualsignature","signature":"Lh/x;"}
    android.widget.TextView subTabAll -> P
    android.widget.TextView subTabBg -> Q
    java.util.List appPackages -> R
    boolean refreshing -> S
    boolean bgOnly -> T
    int refreshGeneration -> U
    java.util.List installedAppsCache -> V
    long installedAppsCachedAt -> W
    androidx.activity.result.ActivityResultLauncher exportDirLauncher -> X
...
kotlin.text.CharsKt__CharJVMKt -> R8$$REMOVED$$CLASS$$305:
# {"id":"sourceFile","fileName":"CharJVM.kt"}
kotlin.text.CharsKt__CharKt -> R8$$REMOVED$$CLASS$$306:
# {"id":"sourceFile","fileName":"Char.kt"}
kotlin.text.Charsets -> i1.a:
# {"id":"sourceFile","fileName":"Charsets.kt"}
    java.nio.charset.Charset UTF_8 -> a
    1:1:void <clinit>():0:0 -> <clinit>
kotlin.text.DelimitedRangesSequence -> i1.c:
# {"id":"sourceFile","fileName":"Strings.kt"}
    java.lang.CharSequence input -> a
    int startIndex -> b
    int limit -> c
    kotlin.jvm.functions.Function2 getNextMatch -> d
      # {"id":"com.android.tools.r8.residualsignature","signature":"Ld1/p;"}
    1:1:void <init>(java.lang.CharSequence,int,int,kotlin.jvm.functions.Function2):0:0 -> <init>
      # {"id":"com.android.tools.r8.residualsignature","signature":"(Ljava/lang/String;IILi1/i;)V"}
    1:1:java.util.Iterator iterator():0:0 -> iterator
kotlin.text.DelimitedRangesSequence$iterator$1 -> i1.b:
# {"id":"sourceFile","fileName":"Strings.kt"}
    int nextState -> a
    int currentStartIndex -> b
    int nextSearchIndex -> c
    kotlin.ranges.IntRange nextItem -> d
      # {"id":"com.android.tools.r8.residualsignature","signature":"Lf1/c;"}
    int counter -> e
    kotlin.text.DelimitedRangesSequence this$0 -> f
      # {"id":"com.android.tools.r8.residualsignature","signature":"Li1/c;"}
    9:10:int kotlin.text.DelimitedRangesSequence.access$getStartIndex$p(kotlin.text.DelimitedRangesSequence):0:0 -> <init>
    9:10:void <init>(kotlin.text.DelimitedRangesSequence):0 -> <init>
      # {"id":"com.android.tools.r8.residualsignature","signature":"(Li1/c;)V"}
    11:30:void <init>(kotlin.text.DelimitedRangesSequence):0:0 -> <init>
    31:55:int kotlin.ranges.RangesKt___RangesKt.coerceIn(int,int,int):0:0 -> <init>
    31:55:void <init>(kotlin.text.DelimitedRangesSequence):0 -> <init>
    15:17:int kotlin.text.DelimitedRangesSequence.access$getLimit$p(kotlin.text.DelimitedRangesSequence):0:0 -> a
    15:17:void calcNext():0 -> a
    18:43:void calcNext():0:0 -> a
    44:53:void kotlin.ranges.IntRange.<init>(int,int):0:0 -> a
    44:53:void calcNext():0 -> a
    54:75:void calcNext():0:0 -> a
    76:79:void kotlin.ranges.IntRange.<init>(int,int):0:0 -> a
    76:79:void calcNext():0 -> a
    80:101:void calcNext():0:0 -> a
    102:104:kotlin.ranges.IntRange kotlin.ranges.IntRange.access$getEMPTY$cp():0:0 -> a
kotlin.text.MatcherMatchResult -> i1.e:
# {"id":"sourceFile","fileName":"Regex.kt"}
    java.util.regex.Matcher matcher -> a
    java.util.List groupValues_ -> b
      # {"id":"com.android.tools.r8.residualsignature","signature":"Li1/d;"}
    1:1:void <init>(java.util.regex.Matcher,java.lang.CharSequence):0:0 -> <init>
      # {"id":"com.android.tools.r8.residualsignature","signature":"(Ljava/util/regex/Matcher;Ljava/lang/String;)V"}