app/build/outputs/mapping/release/usage.txt
com.usagewatch.app.App:
    private static final java.lang.String TAG
com.usagewatch.app.R$color:
    public static int accent
    public static int bg
    public static int bg_color
    public static int card
    public static int fg_color
    public static int file_color
    public static int primary_dark
    private void <init>()
com.usagewatch.app.R$drawable:
    public static int ic_launcher
    private void <init>()
com.usagewatch.app.R$id:
    public static int logRow
    public static int tvFileFilterHint
    public static int tvMasterLabel
    public static int tvTitle
    private void <init>()
com.usagewatch.app.R$layout:
    private void <init>()
com.usagewatch.app.R$string:
    public static int accessibility_desc
    public static int app_name
    public static int btn_refresh
    public static int clean_done
    public static int event_ongoing
    public static int export_success
    public static int master_switch_label
    public static int master_switch_off
    public static int master_switch_on
    public static int mode_normal
    public static int mode_root
    public static int mode_shell
    public static int no_data
    public static int subtab_all
    public static int subtab_background
    public static int tab_files
    public static int tab_logs
    public static int tab_settings
    private void <init>()
com.usagewatch.app.R$style
com.usagewatch.app.R$xml
com.usagewatch.app.R
com.usagewatch.app.collector.CollectorManager:
    private static final java.lang.String TAG
com.usagewatch.app.collector.FileEventCollector:
    private static final int MAX_DEPTH
    private static final long MIN_BG_INTERVAL
    private static final java.lang.String TAG
    private static final int WHOLE_WATCH_LIMIT
com.usagewatch.app.collector.TimelineProcessor$DayAcc:
    public void <init>()
    public final long component1()
    public final long component2()
    public final long component3()
    public final long component4()
    public final long component5()
    public final com.usagewatch.app.collector.TimelineProcessor$DayAcc copy(long,long,long,long,long)
    public static synthetic com.usagewatch.app.collector.TimelineProcessor$DayAcc copy$default(com.usagewatch.app.collector.TimelineProcessor$DayAcc,long,long,long,long,long,int,java.lang.Object)
com.usagewatch.app.collector.TimelineProcessor:
    private static final long DAY_MS
com.usagewatch.app.collector.UsageCollector$RawEvent:
    public final java.lang.String component1()
    public final long component2()
    public final int component3()
    public final com.usagewatch.app.collector.UsageCollector$RawEvent copy(java.lang.String,long,int)
    public static synthetic com.usagewatch.app.collector.UsageCollector$RawEvent copy$default(com.usagewatch.app.collector.UsageCollector$RawEvent,java.lang.String,long,int,int,java.lang.Object)
com.usagewatch.app.core.Capability:
    public static kotlin.enums.EnumEntries getEntries()
com.usagewatch.app.core.CapabilityManager:
    public final boolean canReadAuditLog()
    public final boolean canWatchPrivateDirs()
com.usagewatch.app.core.ForegroundProbe:
    private static final java.lang.String TAG
com.usagewatch.app.core.KeepAliveHelper:
    private static final java.lang.String PKG
com.usagewatch.app.core.PollingForegroundTracker:
    public final boolean getHasOutput()
com.usagewatch.app.core.ProcessMonitor:
    private static final java.lang.String TAG
com.usagewatch.app.core.ShellExecutor:
    private static final long CMD_TIMEOUT_MS
    private static final long EXEC_FAIL_COOLDOWN_MS
    private static final java.lang.String TAG
...
androidx.appcompat.view.menu.SubMenuBuilder:
    public void setShortcutsVisible(boolean)
androidx.appcompat.widget.AbsActionBarView$1
androidx.appcompat.widget.AbsActionBarView:
    private static final int FADE_DURATION
    void <init>(android.content.Context)
    void <init>(android.content.Context,android.util.AttributeSet)
    public void animateToVisibility(int)
    public boolean canShowOverflowMenu()
    public void dismissPopupMenus()
    public boolean hideOverflowMenu()
    public boolean isOverflowMenuShowPending()
    public boolean isOverflowMenuShowing()
    public boolean isOverflowReserved()
    public void postShowOverflowMenu()
    public boolean showOverflowMenu()
androidx.appcompat.widget.ActionBarBackgroundDrawable$Api21Impl:
    private void <init>()
androidx.appcompat.widget.ActionBarContainer$Api21Impl:
    private void <init>()
androidx.appcompat.widget.ActionBarContainer:
    public void <init>(android.content.Context)
androidx.appcompat.widget.ActionBarContextView:
    public synthetic bridge void animateToVisibility(int)
    public synthetic bridge boolean canShowOverflowMenu()
    public synthetic bridge void dismissPopupMenus()
    public boolean hideOverflowMenu()
    public synthetic bridge boolean isOverflowMenuShowPending()
    public boolean isOverflowMenuShowing()
    public synthetic bridge boolean isOverflowReserved()
    public synthetic bridge void postShowOverflowMenu()
androidx.appcompat.widget.ActionBarOverlayLayout$LayoutParams:
    public void <init>(android.view.ViewGroup$MarginLayoutParams)
androidx.appcompat.widget.ActionBarOverlayLayout:
    private static final int ACTION_BAR_ANIMATE_DELAY
    private static final java.lang.String TAG
    public void <init>(android.content.Context)
    public boolean hasIcon()
    public boolean hasLogo()
    public boolean isHideOnContentScrollEnabled()
    public void restoreToolbarHierarchyState(android.util.SparseArray)
    public void saveToolbarHierarchyState(android.util.SparseArray)
androidx.appcompat.widget.ActionMenuPresenter$SavedState$1
androidx.appcompat.widget.ActionMenuPresenter$SavedState
androidx.appcompat.widget.ActionMenuPresenter:
    private static final java.lang.String TAG
    public boolean isOverflowReserved()
    public void onRestoreInstanceState(android.os.Parcelable)
    public android.os.Parcelable onSaveInstanceState()
    public void onSubUiVisibilityChanged(boolean)
    public void setItemLimit(int)
    public void setWidthLimit(int,boolean)
androidx.appcompat.widget.ActionMenuView$LayoutParams:
    void <init>(int,int,boolean)
androidx.appcompat.widget.ActionMenuView:
    static final int GENERATED_ITEM_PADDING
    static final int MIN_CELL_SIZE
    private static final java.lang.String TAG
androidx.appcompat.widget.ActivityChooserModel$ActivityChooserModelClient
androidx.appcompat.widget.ActivityChooserModel$ActivityResolveInfo
androidx.appcompat.widget.ActivityChooserModel$ActivitySorter
androidx.appcompat.widget.ActivityChooserModel$DefaultSorter
androidx.appcompat.widget.ActivityChooserModel$HistoricalRecord
androidx.appcompat.widget.ActivityChooserModel$OnChooseActivityListener
androidx.appcompat.widget.ActivityChooserModel$PersistHistoryAsyncTask
androidx.appcompat.widget.ActivityChooserModel
androidx.appcompat.widget.ActivityChooserView$1
androidx.appcompat.widget.ActivityChooserView$2
androidx.appcompat.widget.ActivityChooserView$3
androidx.appcompat.widget.ActivityChooserView$4
androidx.appcompat.widget.ActivityChooserView$5
androidx.appcompat.widget.ActivityChooserView$ActivityChooserViewAdapter
androidx.appcompat.widget.ActivityChooserView$Callbacks
androidx.appcompat.widget.ActivityChooserView
androidx.appcompat.widget.AlertDialogLayout:
    public void <init>(android.content.Context)
androidx.appcompat.widget.AppCompatAutoCompleteTextView$InspectionCompanion